2015-04-17 14:23:44 DEBUG [4477] uuuuuuuuuuuuuuuuu
2015-04-17 14:23:44 DEBUG [4477] command: ui_check_wto
2015-04-17 14:23:44 DEBUG [4477] GGG: /cgi-bin/login_mgr.cgi?cmd=ui_check_wto
2015-04-17 14:23:57 DEBUG [4486] uuuuuuuuuuuuuuuuu
2015-04-17 14:23:57 DEBUG [4486] command: volume_status
2015-04-17 14:23:57 DEBUG [4486] GGG: /cgi-bin/hd_config.cgi
2015-04-17 14:24:44 DEBUG [4576] command: ui_check_wto
2015-04-17 14:24:44 DEBUG [4576] GGG: /cgi-bin/login_mgr.cgi?cmd=ui_check_wto
2015-04-17 14:24:47 DEBUG [4578] command: volume_status
2015-04-17 14:24:47 DEBUG [4578] GGG: /cgi-bin/hd_config.cgi
2015-04-17 14:26:32 DEBUG [4839] command: ui_check_wto
2015-04-17 14:30:53 DEBUG [5094] command: ui_check_wto
2015-04-17 14:30:53 DEBUG [5094] GGG: /cgi-bin/login_mgr.cgi?cmd=ui_check_wto
2015-04-17 14:31:01 DEBUG [5099] command: volume_status
2015-04-17 14:31:01 DEBUG [5099] GGG: /cgi-bin/hd_config.cgi
2015-04-17 14:32:35 DEBUG [5217] command: volume_status
2015-04-17 14:32:35 DEBUG [5217] GGG: /cgi-bin/hd_config.cgi
2015-04-17 14:41:11 DEBUG [5799] command: cgi_Volume_Status
2015-04-17 14:41:11 DEBUG [5799] fields: 1
2015-04-17 14:41:11 DEBUG [5799] GGG: /cgi-bin/login_mgr.cgi?cmd=cgi_Volume_Status
2015-04-17 14:44:31 DEBUG [5949] command: cgi_Volume_Status
2015-04-17 14:44:31 DEBUG [5949] fields: 1
2015-04-17 14:44:31 DEBUG [5949] GGG: /cgi-bin/login_mgr.cgi?cmd=cgi_Volume_Status
2015-04-17 14:46:05 DEBUG [6050] command: cgi_Volume_Status
2015-04-17 14:46:05 DEBUG [6050] fields: 1
2015-04-17 14:46:05 DEBUG [6050] GGG: /cgi-bin/hd_config.cgi?cmd=cgi_Volume_Status
2015-04-17 14:46:47 DEBUG [6060] command: cgi_Volume_Status
2015-04-17 14:46:47 DEBUG [6060] fields: 1
2015-04-17 14:46:47 DEBUG [6060] GGG: /cgi-bin/hd_config.cgi
2015-04-17 14:46:55 DEBUG [6064] command: ui_check_wto
2015-04-17 14:46:55 DEBUG [6064] GGG: /cgi-bin/login_mgr.cgi
2015-04-17 14:48:53 DEBUG [6235] command: cgi_get_user_language
2015-04-17 14:48:53 DEBUG [6235] GGG: /cgi-bin/hd_config.cgi
2015-04-17 15:02:12 DEBUG [6402] command: ui_check_wto
2015-04-17 15:02:12 DEBUG [6402] GGG: /cgi-bin/login_mgr.cgi
2015-04-17 15:02:43 DEBUG [6410] command: cgi_get_user_language
2015-04-17 15:02:43 DEBUG [6410] GGG: /cgi-bin/hd_config.cgi
2015-04-17 15:03:02 DEBUG [6417] command: cgi_Volume_Status
2015-04-17 15:03:02 DEBUG [6417] GGG: /cgi-bin/hd_config.cgi
2015-04-17 15:03:35 DEBUG [6427] command: ui_check_wto
2015-04-17 15:03:35 DEBUG [6427] GGG: /cgi-bin/login_mgr.cgi
2015-04-17 15:03:45 DEBUG [6433] command: login
2015-04-17 15:03:45 WARN  [6433] Has rendered already: CgiController#index
2015-04-17 15:03:45 DEBUG [6433] GGG: /cgi-bin/login_mgr.cgi
2015-04-17 15:04:21 DEBUG [6441] command: login
2015-04-17 15:04:21 WARN  [6441] Has rendered already: CgiController#index
2015-04-17 15:04:21 DEBUG [6441] GGG: /cgi-bin/login_mgr.cgi
2015-04-17 15:30:56 DEBUG [6728] command: login
2015-04-17 15:30:56 WARN  [6728] Has rendered already: CgiController#index
2015-04-17 15:30:56 DEBUG [6728] GGG: /cgi-bin/login_mgr.cgi
2015-04-17 15:32:29 DEBUG [6771] command: login
2015-04-17 15:32:29 WARN  [6771] Has rendered already: CgiController#index
2015-04-17 15:32:29 DEBUG [6771] GGG: /cgi-bin/login_mgr.cgi
2015-04-17 15:33:01 DEBUG [6785] command: login
2015-04-17 15:33:01 WARN  [6785] Has rendered already: CgiController#index
2015-04-17 15:33:01 DEBUG [6785] GGG: /cgi-bin/login_mgr.cgi
2015-04-17 15:33:20 DEBUG [6791] command: login
2015-04-17 15:33:20 WARN  [6791] Has rendered already: CgiController#index
2015-04-17 15:33:20 DEBUG [6791] GGG: /cgi-bin/login_mgr.cgi
2015-04-17 15:34:03 DEBUG [6806] command: login
2015-04-17 15:34:03 WARN  [6806] Has rendered already: CgiController#index
2015-04-17 15:34:03 DEBUG [6806] GGG: /cgi-bin/login_mgr.cgi?cmd=login
2015-04-17 15:36:33 DEBUG [6834] command: login
2015-04-17 15:36:33 WARN  [6834] Has rendered already: CgiController#index
2015-04-17 15:36:33 DEBUG [6834] GGG: /cgi-bin/login_mgr.cgi?cmd=login&username=ian
2015-04-17 16:25:41 DEBUG [8316] command: ScanDisk_info
2015-04-17 16:25:41 DEBUG [8316] GGG: /cgi-bin/hd_config.cgi
2015-04-17 16:29:42 DEBUG [8497] command: ScanDisk_info
2015-04-17 16:29:42 DEBUG [8497] GGG: /cgi-bin/hd_config.cgi
2015-04-17 16:35:05 DEBUG [8651] command: ScanDisk_info
2015-04-17 16:35:05 DEBUG [8651] GGG: /cgi-bin/hd_config.cgi
2015-04-17 17:43:18 DEBUG [9471] command: cgi_FMT_Create_DiskMGR
2015-04-17 17:43:18 DEBUG [9471] TTT: 30
2015-04-17 17:43:18 DEBUG [9471] GGG: /cgi-bin/hd_config.cgi
2015-04-17 18:05:21 DEBUG [10045] command: cgi_FMT_Create_DiskMGR
2015-04-17 18:05:21 DEBUG [10045] TTT: 15
2015-04-17 18:05:21 DEBUG [10045] GGG: /cgi-bin/hd_config.cgi
