2015-09-04 16:29:48 DEBUG [20763] Parameter 'DriverType' is empty
2015-09-04 16:29:52 DEBUG [20768] 
  --------------------------- start -----------------------------------
2015-09-04 16:29:52 DEBUG [20768] ** SIMULATOR_MODE is enabled. **
2015-09-04 16:29:52 DEBUG [20768] << UPnP_AV_Server_Get_SQLDB_State >>
2015-09-04 16:29:52 DEBUG [20768] 
  ---------------------------- end -------------------------------------

2015-09-04 16:29:53 DEBUG [20768] 
  --------------------------- start -----------------------------------
2015-09-04 16:29:53 DEBUG [20768] ** SIMULATOR_MODE is enabled. **
2015-09-04 16:29:53 DEBUG [20768] << UPnP_AV_Server_Get_SQLDB_State >>
2015-09-04 16:29:53 DEBUG [20768] 
  ---------------------------- end -------------------------------------

2015-09-04 16:30:16 DEBUG [20774] 
  --------------------------- start -----------------------------------
2015-09-04 16:30:16 DEBUG [20774] ** SIMULATOR_MODE is enabled. **
2015-09-04 16:30:16 DEBUG [20774] << UPnP_AV_Server_Get_SQLDB_State >>
2015-09-04 16:30:16 DEBUG [20774] 
  ---------------------------- end -------------------------------------

2015-09-04 16:30:17 DEBUG [20774] 
  --------------------------- start -----------------------------------
2015-09-04 16:30:17 DEBUG [20774] ** SIMULATOR_MODE is enabled. **
2015-09-04 16:30:17 DEBUG [20774] << UPnP_AV_Server_Get_SQLDB_State >>
2015-09-04 16:30:17 DEBUG [20774] 
  ---------------------------- end -------------------------------------

2015-09-04 16:30:53 DEBUG [20781] 
  --------------------------- start -----------------------------------
2015-09-04 16:30:53 DEBUG [20781] ** SIMULATOR_MODE is enabled. **
2015-09-04 16:30:53 DEBUG [20781] << UPnP_AV_Server_Get_SQLDB_State >>
2015-09-04 16:30:53 DEBUG [20781] 
  ---------------------------- end -------------------------------------

2015-09-04 16:31:44 DEBUG [20830] 
  --------------------------- start -----------------------------------
2015-09-04 16:31:44 DEBUG [20830] ** SIMULATOR_MODE is enabled. **
2015-09-04 16:31:44 DEBUG [20830] << UPnP_AV_Server_Get_SQLDB_State >>
2015-09-04 16:31:44 DEBUG [20830] 
  ---------------------------- end -------------------------------------

2015-09-04 16:31:46 DEBUG [20830] 
  --------------------------- start -----------------------------------
2015-09-04 16:31:46 DEBUG [20830] ** SIMULATOR_MODE is enabled. **
2015-09-04 16:31:46 DEBUG [20830] << UPnP_AV_Server_Get_SQLDB_State >>
2015-09-04 16:31:46 DEBUG [20830] 
  ---------------------------- end -------------------------------------

2015-09-04 16:31:47 DEBUG [20830] 
  --------------------------- start -----------------------------------
2015-09-04 16:31:47 DEBUG [20830] ** SIMULATOR_MODE is enabled. **
2015-09-04 16:31:47 DEBUG [20830] << UPnP_AV_Server_Get_SQLDB_State >>
2015-09-04 16:31:47 DEBUG [20830] 
  ---------------------------- end -------------------------------------

2015-09-04 16:31:48 DEBUG [20830] 
  --------------------------- start -----------------------------------
2015-09-04 16:31:48 DEBUG [20830] ** SIMULATOR_MODE is enabled. **
2015-09-04 16:31:48 DEBUG [20830] << UPnP_AV_Server_Get_SQLDB_State >>
2015-09-04 16:31:48 DEBUG [20830] 
  ---------------------------- end -------------------------------------

2015-09-04 16:31:49 DEBUG [20830] 
  --------------------------- start -----------------------------------
2015-09-04 16:31:49 DEBUG [20830] ** SIMULATOR_MODE is enabled. **
2015-09-04 16:31:49 DEBUG [20830] << UPnP_AV_Server_Get_SQLDB_State >>
2015-09-04 16:31:49 DEBUG [20830] 
  ---------------------------- end -------------------------------------

2015-09-04 16:31:52 DEBUG [20830] 
  --------------------------- start -----------------------------------
2015-09-04 16:31:52 DEBUG [20830] ** SIMULATOR_MODE is enabled. **
2015-09-04 16:31:52 DEBUG [20830] << UPnP_AV_Server_Get_SQLDB_State >>
2015-09-04 16:31:52 DEBUG [20830] 
  ---------------------------- end -------------------------------------

2015-09-04 16:32:05 DEBUG [20848] 
  --------------------------- start -----------------------------------
2015-09-04 16:32:05 DEBUG [20848] ** SIMULATOR_MODE is enabled. **
2015-09-04 16:32:05 DEBUG [20848] << UPnP_AV_Server_Get_SQLDB_State >>
2015-09-04 16:32:05 DEBUG [20848] 
  ---------------------------- end -------------------------------------

2015-09-04 16:32:06 DEBUG [20848] 
  --------------------------- start -----------------------------------
2015-09-04 16:32:06 DEBUG [20848] ** SIMULATOR_MODE is enabled. **
2015-09-04 16:32:06 DEBUG [20848] << UPnP_AV_Server_Get_SQLDB_State >>
2015-09-04 16:32:06 DEBUG [20848] 
  ---------------------------- end -------------------------------------

2015-09-04 16:32:08 DEBUG [20848] 
  --------------------------- start -----------------------------------
2015-09-04 16:32:08 DEBUG [20848] ** SIMULATOR_MODE is enabled. **
2015-09-04 16:32:08 DEBUG [20848] << UPnP_AV_Server_Get_SQLDB_State >>
2015-09-04 16:32:08 DEBUG [20848] 
  ---------------------------- end -------------------------------------

2015-09-04 16:43:46 DEBUG [24871] 
  --------------------------- start -----------------------------------
2015-09-04 16:43:46 DEBUG [24871] ** SIMULATOR_MODE is enabled. **
2015-09-04 16:43:46 DEBUG [24871] << UPnP_AV_Server_Get_SQLDB_State >>
2015-09-04 16:43:46 DEBUG [24871] 
  ---------------------------- end -------------------------------------

2015-09-04 16:47:20 DEBUG [851] 
  --------------------------- start -----------------------------------
2015-09-04 16:47:20 DEBUG [851] ** SIMULATOR_MODE is enabled. **
2015-09-04 16:47:20 DEBUG [851] << UPnP_AV_Server_Get_SQLDB_State >>
2015-09-04 16:47:20 DEBUG [851] 
  ---------------------------- end -------------------------------------

2015-09-04 16:47:22 DEBUG [851] 
  --------------------------- start -----------------------------------
2015-09-04 16:47:22 DEBUG [851] ** SIMULATOR_MODE is enabled. **
2015-09-04 16:47:22 DEBUG [851] << UPnP_AV_Server_Get_SQLDB_State >>
2015-09-04 16:47:22 DEBUG [851] 
  ---------------------------- end -------------------------------------

2015-09-04 16:47:23 DEBUG [851] 
  --------------------------- start -----------------------------------
2015-09-04 16:47:23 DEBUG [851] ** SIMULATOR_MODE is enabled. **
2015-09-04 16:47:23 DEBUG [851] << UPnP_AV_Server_Get_SQLDB_State >>
2015-09-04 16:47:23 DEBUG [851] 
  ---------------------------- end -------------------------------------

2015-09-04 16:47:24 DEBUG [851] 
  --------------------------- start -----------------------------------
2015-09-04 16:47:24 DEBUG [851] ** SIMULATOR_MODE is enabled. **
2015-09-04 16:47:24 DEBUG [851] << UPnP_AV_Server_Get_SQLDB_State >>
2015-09-04 16:47:24 DEBUG [851] 
  ---------------------------- end -------------------------------------

2015-09-04 16:47:25 DEBUG [851] 
  --------------------------- start -----------------------------------
2015-09-04 16:47:25 DEBUG [851] ** SIMULATOR_MODE is enabled. **
2015-09-04 16:47:25 DEBUG [851] << UPnP_AV_Server_Get_SQLDB_State >>
2015-09-04 16:47:25 DEBUG [851] 
  ---------------------------- end -------------------------------------

2015-09-04 16:47:25 DEBUG [851] 
  --------------------------- start -----------------------------------
2015-09-04 16:47:25 DEBUG [851] ** SIMULATOR_MODE is enabled. **
2015-09-04 16:47:25 DEBUG [851] << UPnP_AV_Server_Get_SQLDB_State >>
2015-09-04 16:47:25 DEBUG [851] 
  ---------------------------- end -------------------------------------

2015-09-07 17:49:12 DEBUG [18408] Parameter 'DriverType' is empty
2015-09-07 17:50:00 DEBUG [18480] 
  --------------------------- start -----------------------------------
2015-09-07 17:50:00 DEBUG [18480] ** SIMULATOR_MODE is enabled. **
2015-09-07 17:50:00 DEBUG [18480] << cgi_myfavorite_set >>
2015-09-07 17:50:00 DEBUG [18480] 
  ---------------------------- end -------------------------------------

2015-09-07 17:50:43 DEBUG [18482] 
  --------------------------- start -----------------------------------
2015-09-07 17:50:43 DEBUG [18482] ** SIMULATOR_MODE is enabled. **
2015-09-07 17:50:43 DEBUG [18482] << cgi_myfavorite_set >>
2015-09-07 17:50:43 DEBUG [18482] 
  ---------------------------- end -------------------------------------

2015-09-07 17:52:21 DEBUG [18517] 
  --------------------------- start -----------------------------------
2015-09-07 17:52:21 DEBUG [18517] ** SIMULATOR_MODE is enabled. **
2015-09-07 17:52:21 DEBUG [18517] << cgi_myfavorite_set >>
2015-09-07 17:52:21 DEBUG [18517] 
  ---------------------------- end -------------------------------------

2015-09-07 17:53:17 DEBUG [18647] 
  --------------------------- start -----------------------------------
2015-09-07 17:53:17 DEBUG [18647] ** SIMULATOR_MODE is enabled. **
2015-09-07 17:53:17 DEBUG [18647] << cgi_myfavorite_set >>
2015-09-07 17:53:17 DEBUG [18647] 
  ---------------------------- end -------------------------------------

2015-09-07 17:57:12 DEBUG [18757] Parameter 'DriverType' is empty
2015-09-07 17:57:18 DEBUG [18761] 
  --------------------------- start -----------------------------------
2015-09-07 17:57:18 DEBUG [18761] ** SIMULATOR_MODE is enabled. **
2015-09-07 17:57:18 DEBUG [18761] << cgi_myfavorite_set >>
2015-09-07 17:57:18 DEBUG [18761] 
  ---------------------------- end -------------------------------------

2015-09-07 18:00:40 DEBUG [18961] Parameter 'DriverType' is empty
2015-09-07 18:00:46 DEBUG [18965] 
  --------------------------- start -----------------------------------
2015-09-07 18:00:46 DEBUG [18965] ** SIMULATOR_MODE is enabled. **
2015-09-07 18:00:46 DEBUG [18965] << cgi_myfavorite_set >>
2015-09-07 18:00:46 DEBUG [18965] 
  ---------------------------- end -------------------------------------

2015-09-07 18:01:14 DEBUG [18971] 
  --------------------------- start -----------------------------------
2015-09-07 18:01:14 DEBUG [18971] ** SIMULATOR_MODE is enabled. **
2015-09-07 18:01:14 DEBUG [18971] << cgi_myfavorite_set >>
2015-09-07 18:01:14 DEBUG [18971] 
  ---------------------------- end -------------------------------------

2015-09-07 18:02:36 DEBUG [18992] 
  --------------------------- start -----------------------------------
2015-09-07 18:02:36 DEBUG [18992] ** SIMULATOR_MODE is enabled. **
2015-09-07 18:02:36 DEBUG [18992] << cgi_myfavorite_set >>
2015-09-07 18:02:36 DEBUG [18992] 
  ---------------------------- end -------------------------------------

2015-09-07 18:03:29 DEBUG [19177] Parameter 'DriverType' is empty
2015-09-07 18:03:32 DEBUG [19181] 
  --------------------------- start -----------------------------------
2015-09-07 18:03:32 DEBUG [19181] ** SIMULATOR_MODE is enabled. **
2015-09-07 18:03:32 DEBUG [19181] << cgi_myfavorite_set >>
2015-09-07 18:03:32 DEBUG [19181] 
  ---------------------------- end -------------------------------------

2015-09-07 18:03:47 DEBUG [19186] 
  --------------------------- start -----------------------------------
2015-09-07 18:03:47 DEBUG [19186] ** SIMULATOR_MODE is enabled. **
2015-09-07 18:03:47 DEBUG [19186] << cgi_myfavorite_set >>
2015-09-07 18:03:47 DEBUG [19186] 
  ---------------------------- end -------------------------------------

2015-09-07 18:04:09 DEBUG [19261] Parameter 'DriverType' is empty
2015-09-07 18:04:14 DEBUG [19265] 
  --------------------------- start -----------------------------------
2015-09-07 18:04:14 DEBUG [19265] ** SIMULATOR_MODE is enabled. **
2015-09-07 18:04:14 DEBUG [19265] << cgi_myfavorite_set >>
2015-09-07 18:04:14 DEBUG [19265] 
  ---------------------------- end -------------------------------------

2015-09-07 18:08:06 DEBUG [19390] Parameter 'DriverType' is empty
2015-09-07 18:08:14 DEBUG [19405] 
  --------------------------- start -----------------------------------
2015-09-07 18:08:14 DEBUG [19405] ** SIMULATOR_MODE is enabled. **
2015-09-07 18:08:14 DEBUG [19405] << cgi_myfavorite_set >>
2015-09-07 18:08:14 DEBUG [19405] 111111111111111111[/var/www/xml//etc/sysconfig/config/myfavorite/gui_admin.xml]

2015-09-07 18:08:14 DEBUG [19405] 
  ---------------------------- end -------------------------------------

2015-09-07 18:10:25 DEBUG [19596] Parameter 'DriverType' is empty
2015-09-07 18:10:34 DEBUG [19601] 
  --------------------------- start -----------------------------------
2015-09-07 18:10:34 DEBUG [19601] ** SIMULATOR_MODE is enabled. **
2015-09-07 18:10:34 DEBUG [19601] << cgi_myfavorite_set >>
2015-09-07 18:10:34 DEBUG [19601] 111111111111111111[/var/www/xml/gui_admin.xml]

2015-09-07 18:10:34 DEBUG [19601] 
  ---------------------------- end -------------------------------------

2015-09-07 18:19:44 DEBUG [19951] Parameter 'DriverType' is empty
2015-09-07 18:20:02 DEBUG [19956] 
  --------------------------- start -----------------------------------
2015-09-07 18:20:02 DEBUG [19956] ** SIMULATOR_MODE is enabled. **
2015-09-07 18:20:02 DEBUG [19956] << cgi_myfavorite_get_sort_info >>
2015-09-07 18:20:02 DEBUG [19956] 
  ---------------------------- end -------------------------------------

2015-09-07 18:20:09 DEBUG [19970] 
  --------------------------- start -----------------------------------
2015-09-07 18:20:09 DEBUG [19970] ** SIMULATOR_MODE is enabled. **
2015-09-07 18:20:09 DEBUG [19970] << cgi_myfavorite_get_sort_info >>
2015-09-07 18:20:09 DEBUG [19970] 
  ---------------------------- end -------------------------------------

2015-09-08 15:25:21 DEBUG [16347] Parameter 'DriverType' is empty
2015-09-08 15:25:24 DEBUG [16351] 
  --------------------------- start -----------------------------------
2015-09-08 15:25:24 DEBUG [16351] ** SIMULATOR_MODE is enabled. **
2015-09-08 15:25:24 DEBUG [16351] << cgi_myfavorite_set >>
2015-09-08 15:25:24 DEBUG [16351] 11111111111111[0,wizard,/web/images/management/,wizard,/web/management.html]

2015-09-08 15:25:24 DEBUG [16351] 11111111111111[]

2015-09-08 15:25:24 DEBUG [16351] 
  ---------------------------- end -------------------------------------

2015-09-08 15:26:51 DEBUG [16442] Parameter 'DriverType' is empty
2015-09-08 15:26:56 DEBUG [16448] 
  --------------------------- start -----------------------------------
2015-09-08 15:26:56 DEBUG [16448] ** SIMULATOR_MODE is enabled. **
2015-09-08 15:26:56 DEBUG [16448] << cgi_myfavorite_set >>
2015-09-08 15:26:56 DEBUG [16448] 11111111111111[0,wizard,/web/images/management/,wizard,/web/management.html]

2015-09-08 15:26:56 DEBUG [16448] 11111111111111[]

2015-09-08 15:26:56 DEBUG [16448] 
  ---------------------------- end -------------------------------------

2015-09-08 15:29:35 DEBUG [16525] Parameter 'DriverType' is empty
2015-09-08 15:29:40 DEBUG [16545] 
  --------------------------- start -----------------------------------
2015-09-08 15:29:40 DEBUG [16545] ** SIMULATOR_MODE is enabled. **
2015-09-08 15:29:40 DEBUG [16545] << cgi_myfavorite_set >>
2015-09-08 15:29:40 DEBUG [16545] 11111111111111[0,wizard,/web/images/management/,wizard,/web/management.html]

2015-09-08 15:29:40 DEBUG [16545] 11111111111111[]

2015-09-08 15:29:40 DEBUG [16545] 
  ---------------------------- end -------------------------------------

2015-09-08 15:38:53 DEBUG [16885] Parameter 'DriverType' is empty
2015-09-08 15:38:58 DEBUG [16890] 
  --------------------------- start -----------------------------------
2015-09-08 15:38:58 DEBUG [16890] ** SIMULATOR_MODE is enabled. **
2015-09-08 15:38:58 DEBUG [16890] << cgi_myfavorite_set >>
2015-09-08 15:38:58 DEBUG [16890] 11111111111111[0,wizard,/web/images/management/,wizard,/web/management.html]

2015-09-08 15:38:58 DEBUG [16890] 11111111111111[]

2015-09-08 15:38:58 DEBUG [16890] 2222222222222222222222[cmd=cgi_myfavorite_set#f_lst0=0,wizard,/web/images/management/,wizard,/web/management.html#f_num=2#f_sort=wizard,disk#f_user=admin]

2015-09-08 15:38:58 DEBUG [16890] 
  ---------------------------- end -------------------------------------

2015-09-08 15:45:01 DEBUG [17008] 
  --------------------------- start -----------------------------------
2015-09-08 15:45:01 DEBUG [17008] ** SIMULATOR_MODE is enabled. **
2015-09-08 15:45:01 DEBUG [17008] << cgi_myfavorite_set >>
2015-09-08 15:45:01 DEBUG [17008] 11111111111111[0,wizard,/web/images/management/,wizard,/web/management.html]

2015-09-08 15:45:01 DEBUG [17008] 11111111111111[]

2015-09-08 15:45:01 DEBUG [17008] 2222222222222222222222[cmd=cgi_myfavorite_set#f_lst0=0,wizard,/web/images/management/,wizard,/web/management.html#f_num=2#f_sort=wizard,disk#f_user=admin]

2015-09-08 15:45:01 DEBUG [17008] 
  ---------------------------- end -------------------------------------

2015-09-08 15:51:57 DEBUG [17366] Parameter 'DriverType' is empty
2015-09-08 15:52:03 DEBUG [17372] 
  --------------------------- start -----------------------------------
2015-09-08 15:52:03 DEBUG [17372] ** SIMULATOR_MODE is enabled. **
2015-09-08 15:52:03 DEBUG [17372] << cgi_myfavorite_set >>
2015-09-08 15:52:03 DEBUG [17372] 3333333333333333333333333[POST /cgi-bin/gui_mgr.cgi?cmd=cgi_myfavorite_set&f_user=admin&f_num=2&f_sort=wizard,disk&f_lst0=0,wizard,/web/images/management/,wizard,/web/management.html?id=wizard,Setup%20Wizard&f_lst1=0,disk,/web/images/management/,disk,/web/management.html?id=disk,Disk%20Management HTTP/1.1
Host: 10.0.1.203:8800
Connection: keep-alive
Content-Length: 0
Cache-Control: no-cache
Origin: chrome-extension://fhbjgbiflinjbdggehcddcbncdddomop
User-Agent: Mozilla/5.0 (Windows NT 6.1; WOW64) AppleWebKit/537.36 (KHTML, like Gecko) Chrome/45.0.2454.85 Safari/537.36
Postman-Token: 2dc482a9-6735-fab8-2774-f0d2f116ddb4
Accept: */*
Accept-Encoding: gzip, deflate
Accept-Language: zh-TW,zh;q=0.8,en-US;q=0.6,en;q=0.4
Cookie: TFSESSION=000000010000000e005f0063007300720066004900640000000c000000002838303666333262333066396137376261333133376361623031373937316334323361343735353533_dce2dacff525b94e761b092dbde743c79f518ba8

]

2015-09-08 15:52:03 DEBUG [17372] 11111111111111[0,wizard,/web/images/management/,wizard,/web/management.html]

2015-09-08 15:52:03 DEBUG [17372] 11111111111111[]

2015-09-08 15:52:03 DEBUG [17372] 2222222222222222222222[cmd=cgi_myfavorite_set#f_lst0=0,wizard,/web/images/management/,wizard,/web/management.html#f_num=2#f_sort=wizard,disk#f_user=admin]

2015-09-08 15:52:03 DEBUG [17372] 
  ---------------------------- end -------------------------------------

2015-09-08 15:55:40 DEBUG [17562] Parameter 'DriverType' is empty
2015-09-08 15:55:44 DEBUG [17567] 
  --------------------------- start -----------------------------------
2015-09-08 15:55:44 DEBUG [17567] ** SIMULATOR_MODE is enabled. **
2015-09-08 15:55:44 DEBUG [17567] << cgi_myfavorite_set >>
2015-09-08 15:55:44 DEBUG [17567] 3333333333333333333333333[POST /cgi-bin/gui_mgr.cgi?cmd=cgi_myfavorite_set&f_user=admin&f_num=2&f_sort=wizard,disk&f_lst0=0,wizard,/web/images/management/,wizard,/web/management.html?id=wizard,Setup%20Wizard&f_lst1=0,disk,/web/images/management/,disk,/web/management.html?id=disk,Disk%20Management HTTP/1.1
Host: 10.0.1.203:8800
Connection: keep-alive
Content-Length: 0
Cache-Control: no-cache
Origin: chrome-extension://fhbjgbiflinjbdggehcddcbncdddomop
User-Agent: Mozilla/5.0 (Windows NT 6.1; WOW64) AppleWebKit/537.36 (KHTML, like Gecko) Chrome/45.0.2454.85 Safari/537.36
Postman-Token: 79c26bb2-13fb-557b-6259-afc2ac6a41e6
Accept: */*
Accept-Encoding: gzip, deflate
Accept-Language: zh-TW,zh;q=0.8,en-US;q=0.6,en;q=0.4
Cookie: TFSESSION=000000010000000e005f0063007300720066004900640000000c000000002861623565653137316366316337653633393564363961353732646630633632653962336661323339_6a76687a150f4837b7af03cea4568f1a82bff6b7

]

2015-09-08 15:55:44 DEBUG [17567] 11111111111111[0,wizard,/web/images/management/,wizard,/web/management.html]

2015-09-08 15:55:44 DEBUG [17567] 11111111111111[]

2015-09-08 15:55:44 DEBUG [17567] 2222222222222222222222[cmd=cgi_myfavorite_set#f_lst0=0,wizard,/web/images/management/,wizard,/web/management.html#f_num=2#f_sort=wizard,disk#f_user=admin]

2015-09-08 15:55:44 DEBUG [17567] 
  ---------------------------- end -------------------------------------

2015-09-08 15:56:29 DEBUG [17575] 
  --------------------------- start -----------------------------------
2015-09-08 15:56:29 DEBUG [17575] ** SIMULATOR_MODE is enabled. **
2015-09-08 15:56:29 DEBUG [17575] << cgi_myfavorite_set >>
2015-09-08 15:56:29 DEBUG [17575] 3333333333333333333333333[POST /cgi-bin/gui_mgr.cgi?cmd=cgi_myfavorite_set&f_user=admin&f_num=2&f_sort=wizard,disk&f_lst0=0,wizard,/web/images/management/,wizard,/web/management.html?id=wizard,Setup%20Wizard&f_lst1=0,disk,/web/images/management/,disk,/web/management.html?id=disk,Disk%20Management HTTP/1.1
Host: 10.0.1.203:8800
Connection: keep-alive
Content-Length: 0
Cache-Control: no-cache
Origin: chrome-extension://fhbjgbiflinjbdggehcddcbncdddomop
User-Agent: Mozilla/5.0 (Windows NT 6.1; WOW64) AppleWebKit/537.36 (KHTML, like Gecko) Chrome/45.0.2454.85 Safari/537.36
Postman-Token: 589e54b4-b5b9-c2cb-6738-dfa7e0273849
Accept: */*
Accept-Encoding: gzip, deflate
Accept-Language: zh-TW,zh;q=0.8,en-US;q=0.6,en;q=0.4
Cookie: TFSESSION=000000010000000e005f0063007300720066004900640000000c000000002864363962643163313565373764626538383530373338303038306563353264356462356564313634_5895ea20c838e6b1b3bcbb1503231b29d7ea4333

]

2015-09-08 15:56:29 DEBUG [17575] 11111111111111[0,wizard,/web/images/management/,wizard,/web/management.html]

2015-09-08 15:56:29 DEBUG [17575] 11111111111111[]

2015-09-08 15:56:29 DEBUG [17575] 2222222222222222222222[cmd=cgi_myfavorite_set#f_lst0=0,wizard,/web/images/management/,wizard,/web/management.html#f_num=2#f_sort=wizard,disk#f_user=admin]

2015-09-08 15:56:29 DEBUG [17575] 
  ---------------------------- end -------------------------------------

2015-09-08 15:57:40 DEBUG [17695] Parameter 'DriverType' is empty
2015-09-08 15:57:41 DEBUG [17699] 
  --------------------------- start -----------------------------------
2015-09-08 15:57:41 DEBUG [17699] ** SIMULATOR_MODE is enabled. **
2015-09-08 15:57:41 DEBUG [17699] << cgi_myfavorite_set >>
2015-09-08 15:57:41 DEBUG [17699] 3333333333333333333333333[]

2015-09-08 15:57:41 DEBUG [17699] 11111111111111[0,wizard,/web/images/management/,wizard,/web/management.html]

2015-09-08 15:57:41 DEBUG [17699] 11111111111111[]

2015-09-08 15:57:41 DEBUG [17699] 2222222222222222222222[cmd=cgi_myfavorite_set#f_lst0=0,wizard,/web/images/management/,wizard,/web/management.html#f_num=2#f_sort=wizard,disk#f_user=admin]

2015-09-08 15:57:41 DEBUG [17699] 
  ---------------------------- end -------------------------------------

2015-09-08 15:58:27 DEBUG [17779] Parameter 'DriverType' is empty
2015-09-08 15:58:29 DEBUG [17783] 
  --------------------------- start -----------------------------------
2015-09-08 15:58:29 DEBUG [17783] ** SIMULATOR_MODE is enabled. **
2015-09-08 15:58:29 DEBUG [17783] << cgi_myfavorite_set >>
2015-09-08 15:58:29 DEBUG [17783] 3333333333333333333333333[]

2015-09-08 15:58:29 DEBUG [17783] 11111111111111[0,wizard,/web/images/management/,wizard,/web/management.html]

2015-09-08 15:58:29 DEBUG [17783] 11111111111111[]

2015-09-08 15:58:29 DEBUG [17783] 2222222222222222222222[cmd=cgi_myfavorite_set#f_lst0=0,wizard,/web/images/management/,wizard,/web/management.html#f_num=2#f_sort=wizard,disk#f_user=admin]

2015-09-08 15:58:29 DEBUG [17783] 
  ---------------------------- end -------------------------------------

2015-09-08 15:59:17 DEBUG [17856] Parameter 'DriverType' is empty
2015-09-08 15:59:22 DEBUG [17861] 
  --------------------------- start -----------------------------------
2015-09-08 15:59:22 DEBUG [17861] ** SIMULATOR_MODE is enabled. **
2015-09-08 15:59:22 DEBUG [17861] << cgi_myfavorite_set >>
2015-09-08 15:59:22 DEBUG [17861] 3333333333333333333333333[]

2015-09-08 15:59:22 DEBUG [17861] 11111111111111[0,wizard,/web/images/management/,wizard,/web/management.html]

2015-09-08 15:59:22 DEBUG [17861] 11111111111111[]

2015-09-08 15:59:22 DEBUG [17861] 2222222222222222222222[cmd=cgi_myfavorite_set#f_lst0=0,wizard,/web/images/management/,wizard,/web/management.html#f_num=2#f_sort=wizard,disk#f_user=admin]

2015-09-08 15:59:22 DEBUG [17861] 
  ---------------------------- end -------------------------------------

2015-09-08 16:01:43 DEBUG [18050] Parameter 'DriverType' is empty
2015-09-08 16:01:49 DEBUG [18055] 
  --------------------------- start -----------------------------------
2015-09-08 16:01:49 DEBUG [18055] ** SIMULATOR_MODE is enabled. **
2015-09-08 16:01:49 DEBUG [18055] << cgi_myfavorite_set >>
2015-09-08 16:01:49 DEBUG [18055] 3333333333333333333333333[]

2015-09-08 16:01:49 DEBUG [18055] 11111111111111[0,wizard,/web/images/management/,wizard,/web/management.html]

2015-09-08 16:01:49 DEBUG [18055] 11111111111111[]

2015-09-08 16:01:49 DEBUG [18055] 2222222222222222222222[cmd=cgi_myfavorite_set#f_lst0=0,wizard,/web/images/management/,wizard,/web/management.html#f_num=2#f_sort=wizard,disk#f_user=admin]

2015-09-08 16:01:49 DEBUG [18055] 
  ---------------------------- end -------------------------------------

2015-09-08 16:10:50 DEBUG [18189] Parameter 'DriverType' is empty
2015-09-08 16:11:15 DEBUG [18306] 
  --------------------------- start -----------------------------------
2015-09-08 16:11:15 DEBUG [18306] ** SIMULATOR_MODE is enabled. **
2015-09-08 16:11:15 DEBUG [18306] << cgi_myfavorite_set >>
2015-09-08 16:11:15 DEBUG [18306] 3333333333333333333333333[2,xunlei,/xunlei/,xunlei_off.png,/xunlei/launch.html,Xunlei Downloads]

2015-09-08 16:11:15 DEBUG [18306] 11111111111111[2,phpBB,/phpBB/,phpBB_off.png,/phpBB/phpBB.html,phpBB]

2015-09-08 16:11:15 DEBUG [18306] 11111111111111[2,xunlei,/xunlei/,xunlei_off.png,/xunlei/launch.html,Xunlei Downloads]

2015-09-08 16:11:15 DEBUG [18306] 2222222222222222222222[cmd=cgi_myfavorite_set#f_lst0=2,phpBB,/phpBB/,phpBB_off.png,/phpBB/phpBB.html,phpBB#f_lst1=2,xunlei,/xunlei/,xunlei_off.png,/xunlei/launch.html,Xunlei Downloads#f_num=2#f_sort=phpBB,xunlei#f_user=admin]

2015-09-08 16:11:15 DEBUG [18306] 
  ---------------------------- end -------------------------------------

2015-09-08 16:11:16 DEBUG [18306] 
  --------------------------- start -----------------------------------
2015-09-08 16:11:16 DEBUG [18306] ** SIMULATOR_MODE is enabled. **
2015-09-08 16:11:16 DEBUG [18306] << cgi_myfavorite_set >>
2015-09-08 16:11:16 DEBUG [18306] 3333333333333333333333333[2,xunlei,/xunlei/,xunlei_off.png,/xunlei/launch.html,Xunlei Downloads]

2015-09-08 16:11:16 DEBUG [18306] 11111111111111[2,phpBB,/phpBB/,phpBB_off.png,/phpBB/phpBB.html,phpBB]

2015-09-08 16:11:16 DEBUG [18306] 11111111111111[2,xunlei,/xunlei/,xunlei_off.png,/xunlei/launch.html,Xunlei Downloads]

2015-09-08 16:11:16 DEBUG [18306] 2222222222222222222222[cmd=cgi_myfavorite_set#f_lst0=2,phpBB,/phpBB/,phpBB_off.png,/phpBB/phpBB.html,phpBB#f_lst1=2,xunlei,/xunlei/,xunlei_off.png,/xunlei/launch.html,Xunlei Downloads#f_num=2#f_sort=phpBB,xunlei#f_user=admin]

2015-09-08 16:11:16 DEBUG [18306] 
  ---------------------------- end -------------------------------------

2015-09-08 16:14:46 DEBUG [18313] 
  --------------------------- start -----------------------------------
2015-09-08 16:14:46 DEBUG [18313] ** SIMULATOR_MODE is enabled. **
2015-09-08 16:14:46 DEBUG [18313] << cgi_myfavorite_set >>
2015-09-08 16:14:46 DEBUG [18313] 3333333333333333333333333[]

2015-09-08 16:14:46 DEBUG [18313] 11111111111111[0,wizard,/web/images/management/,wizard,/web/management.html]

2015-09-08 16:14:46 DEBUG [18313] 11111111111111[]

2015-09-08 16:14:46 DEBUG [18313] 11111111111111[]

2015-09-08 16:14:46 DEBUG [18313] 2222222222222222222222[cmd=cgi_myfavorite_set#f_lst0=0,wizard,/web/images/management/,wizard,/web/management.html#f_num=3#f_sort=wizard,disk,account#f_user=admin]

2015-09-08 16:14:46 DEBUG [18313] 
  ---------------------------- end -------------------------------------

2015-09-08 17:25:35 DEBUG [20074] Parameter 'DriverType' is empty
2015-09-08 17:55:31 DEBUG [20778] 
  --------------------------- start -----------------------------------
2015-09-08 17:55:31 DEBUG [20778] ** SIMULATOR_MODE is enabled. **
2015-09-08 17:55:31 DEBUG [20778] << cgi_myfavorite_set >>
2015-09-08 17:55:31 DEBUG [20778] 
  ---------------------------- end -------------------------------------

2015-09-10 18:10:40 DEBUG [31701] Parameter 'DriverType' is empty
2015-09-10 18:12:08 DEBUG [31723] 
  --------------------------- start -----------------------------------
2015-09-10 18:12:08 DEBUG [31723] ** SIMULATOR_MODE is enabled. **
2015-09-10 18:12:08 DEBUG [31723] << cgi_server_test >>
2015-09-10 18:12:09 DEBUG [31723] 111111111111111111111[ssh -i /etc/ssh/dlink_dsa_key -o StrictHostKeyChecking=no  root@10.0.1.232 'get_remote_hd free_size']

2015-09-10 18:12:09 DEBUG [31723] RenderResponse::getAPIStdOut() -- apiCmd: ssh -i /etc/ssh/dlink_dsa_key -o StrictHostKeyChecking=no  root@10.0.1.232 'get_remote_hd free_size'
2015-09-10 18:12:09 DEBUG [31723] RenderResponse::getAPIStdOut() -- apiOut: 
2015-09-10 18:12:09 DEBUG [31723] 222222222222222222222[ssh -i /etc/ssh/dlink_dsa_key -o StrictHostKeyChecking=no  root@10.0.1.232 'get_remote_hd share_node']

2015-09-10 18:12:09 DEBUG [31723] RenderResponse::getAPIStdOut() -- apiCmd: ssh -i /etc/ssh/dlink_dsa_key -o StrictHostKeyChecking=no  root@10.0.1.232 'get_remote_hd share_node'
2015-09-10 18:12:09 DEBUG [31723] RenderResponse::getAPIStdOut() -- apiOut: 
2015-09-10 18:12:09 DEBUG [31723] 
  ---------------------------- end -------------------------------------

